/tmp/Github SOAR Integration for Apps/phGithub SOAR Integration for Apps/githubsoarintegrationforapps_connector.py:15:1: E302 expected 2 blank lines, found 1
/tmp/Github SOAR Integration for Apps/phGithub SOAR Integration for Apps/githubsoarintegrationforapps_connector.py:32:23: E221 multiple spaces before operator
/tmp/Github SOAR Integration for Apps/phGithub SOAR Integration for Apps/githubsoarintegrationforapps_connector.py:33:25: E221 multiple spaces before operator
/tmp/Github SOAR Integration for Apps/phGithub SOAR Integration for Apps/githubsoarintegrationforapps_connector.py:34:27: E221 multiple spaces before operator
/tmp/Github SOAR Integration for Apps/phGithub SOAR Integration for Apps/githubsoarintegrationforapps_connector.py:35:26: E221 multiple spaces before operator
/tmp/Github SOAR Integration for Apps/phGithub SOAR Integration for Apps/githubsoarintegrationforapps_connector.py:36:28: E221 multiple spaces before operator
/tmp/Github SOAR Integration for Apps/phGithub SOAR Integration for Apps/githubsoarintegrationforapps_connector.py:36:80: E501 line too long (81 > 79 characters)
/tmp/Github SOAR Integration for Apps/phGithub SOAR Integration for Apps/githubsoarintegrationforapps_connector.py:67:80: E501 line too long (82 > 79 characters)
/tmp/Github SOAR Integration for Apps/phGithub SOAR Integration for Apps/githubsoarintegrationforapps_connector.py:72:80: E501 line too long (81 > 79 characters)
/tmp/Github SOAR Integration for Apps/phGithub SOAR Integration for Apps/githubsoarintegrationforapps_connector.py:77:80: E501 line too long (92 > 79 characters)
/tmp/Github SOAR Integration for Apps/phGithub SOAR Integration for Apps/githubsoarintegrationforapps_connector.py:84:80: E501 line too long (85 > 79 characters)
/tmp/Github SOAR Integration for Apps/phGithub SOAR Integration for Apps/githubsoarintegrationforapps_connector.py:93:80: E501 line too long (94 > 79 characters)
/tmp/Github SOAR Integration for Apps/phGithub SOAR Integration for Apps/githubsoarintegrationforapps_connector.py:95:80: E501 line too long (86 > 79 characters)
/tmp/Github SOAR Integration for Apps/phGithub SOAR Integration for Apps/githubsoarintegrationforapps_connector.py:101:80: E501 line too long (81 > 79 characters)
/tmp/Github SOAR Integration for Apps/phGithub SOAR Integration for Apps/githubsoarintegrationforapps_connector.py:105:80: E501 line too long (81 > 79 characters)
/tmp/Github SOAR Integration for Apps/phGithub SOAR Integration for Apps/githubsoarintegrationforapps_connector.py:109:80: E501 line too long (92 > 79 characters)
/tmp/Github SOAR Integration for Apps/phGithub SOAR Integration for Apps/githubsoarintegrationforapps_connector.py:121:80: E501 line too long (104 > 79 characters)
/tmp/Github SOAR Integration for Apps/phGithub SOAR Integration for Apps/githubsoarintegrationforapps_connector.py:124:80: E501 line too long (91 > 79 characters)
/tmp/Github SOAR Integration for Apps/phGithub SOAR Integration for Apps/githubsoarintegrationforapps_connector.py:126:80: E501 line too long (119 > 79 characters)
/tmp/Github SOAR Integration for Apps/phGithub SOAR Integration for Apps/githubsoarintegrationforapps_connector.py:130:80: E501 line too long (92 > 79 characters)
/tmp/Github SOAR Integration for Apps/phGithub SOAR Integration for Apps/githubsoarintegrationforapps_connector.py:132:80: E501 line too long (99 > 79 characters)
/tmp/Github SOAR Integration for Apps/phGithub SOAR Integration for Apps/githubsoarintegrationforapps_connector.py:137:80: E501 line too long (96 > 79 characters)
/tmp/Github SOAR Integration for Apps/phGithub SOAR Integration for Apps/githubsoarintegrationforapps_connector.py:150:80: E501 line too long (95 > 79 characters)
/tmp/Github SOAR Integration for Apps/phGithub SOAR Integration for Apps/githubsoarintegrationforapps_connector.py:151:80: E501 line too long (81 > 79 characters)
/tmp/Github SOAR Integration for Apps/phGithub SOAR Integration for Apps/githubsoarintegrationforapps_connector.py:154:80: E501 line too long (107 > 79 characters)
/tmp/Github SOAR Integration for Apps/phGithub SOAR Integration for Apps/githubsoarintegrationforapps_connector.py:159:80: E501 line too long (113 > 79 characters)
/tmp/Github SOAR Integration for Apps/phGithub SOAR Integration for Apps/githubsoarintegrationforapps_connector.py:167:1: E305 expected 2 blank lines after class or function definition, found 1

APP_NAME: Github SOAR Integration for Apps
→ Extracting apps/Github SOAR Integration for Apps.tgz
→ Running flake8 on /tmp/Github SOAR Integration for Apps/phGithub SOAR Integration for Apps/githubsoarintegrationforapps_connector.py
→ Running ruff on /tmp/Github SOAR Integration for Apps/phGithub SOAR Integration for Apps/githubsoarintegrationforapps_connector.py
✔ ruff passed
→ Running ggshield on /tmp/Github SOAR Integration for Apps/phGithub SOAR Integration for Apps/githubsoarintegrationforapps_connector.py
✔ ggshield passed
